<?xml version="1.0" encoding="UTF-8"?>
<!-- Generated by org.testng.reporters.JUnitReportReporter -->
<testsuite hostname="LAPTOP-LTMCRC7U" failures="0" tests="1" name="TestRunner.RunnerTest" time="3.496" errors="0" timestamp="2023-08-06T01:29:51 IST" skipped="0">
  <testcase classname="TestRunner.RunnerTest" name="runScenario" time="3.496"/>
  <system-out/>
</testsuite> <!-- TestRunner.RunnerTest -->
